Mar 23, 2014 8:41:02 PM kaboom.ui.MainWindow onTextfieldAction
INFO: add ivan at 1700
Mar 23, 2014 8:41:02 PM kaboom.storage.TaskListShop addTaskToList
INFO: Adding one item to TaskListShop
Mar 23, 2014 8:41:02 PM kaboom.storage.Storage store
INFO: Trying to write text file: KABOOM_FILE.dat
Mar 23, 2014 8:41:02 PM kaboom.storage.Storage store
INFO: Written to text file: KABOOM_FILE.dat
Mar 23, 2014 8:41:13 PM kaboom.ui.MainWindow onTextfieldAction
INFO: delete  ivan at 1700
Mar 23, 2014 8:41:13 PM kaboom.storage.TaskListShop removeTaskByName
INFO: One task ivan at 1700 removed
Mar 23, 2014 8:41:13 PM kaboom.storage.Storage store
INFO: Trying to write text file: KABOOM_FILE.dat
Mar 23, 2014 8:41:13 PM kaboom.storage.Storage store
INFO: Written to text file: KABOOM_FILE.dat
Mar 23, 2014 8:41:21 PM kaboom.ui.MainWindow onTextfieldAction
INFO: add meeting on 1700
Mar 23, 2014 8:41:21 PM kaboom.storage.TaskListShop addTaskToList
INFO: Adding one item to TaskListShop
Mar 23, 2014 8:41:21 PM kaboom.storage.Storage store
INFO: Trying to write text file: KABOOM_FILE.dat
Mar 23, 2014 8:41:21 PM kaboom.storage.Storage store
INFO: Written to text file: KABOOM_FILE.dat
Mar 23, 2014 8:41:26 PM kaboom.ui.MainWindow onTextfieldAction
INFO: delete meeting on 1700
Mar 23, 2014 8:41:26 PM kaboom.storage.TaskListShop removeTaskByName
INFO: One task meeting on 1700 removed
Mar 23, 2014 8:41:26 PM kaboom.storage.Storage store
INFO: Trying to write text file: KABOOM_FILE.dat
Mar 23, 2014 8:41:26 PM kaboom.storage.Storage store
INFO: Written to text file: KABOOM_FILE.dat
Mar 23, 2014 8:41:32 PM kaboom.ui.MainWindow onTextfieldAction
INFO: add meeting
Mar 23, 2014 8:41:32 PM kaboom.storage.TaskListShop addTaskToList
INFO: Adding one item to TaskListShop
Mar 23, 2014 8:41:32 PM kaboom.storage.Storage store
INFO: Trying to write text file: KABOOM_FILE.dat
Mar 23, 2014 8:41:32 PM kaboom.storage.Storage store
INFO: Written to text file: KABOOM_FILE.dat
Mar 23, 2014 8:41:35 PM kaboom.ui.MainWindow onTextfieldAction
INFO: delete meeting
Mar 23, 2014 8:41:35 PM kaboom.storage.TaskListShop removeTaskByName
INFO: One task meeting removed
Mar 23, 2014 8:41:35 PM kaboom.storage.Storage store
INFO: Trying to write text file: KABOOM_FILE.dat
Mar 23, 2014 8:41:35 PM kaboom.storage.Storage store
INFO: Written to text file: KABOOM_FILE.dat
